<testsuites>
	<testsuite name="AllTests" tests="33">
		<testcase classname="AllTests" name="testSmallerThanOperator"/>
		<testcase classname="AllTests" name="testGreaterThanOperator"/>
		<testcase classname="AllTests" name="testEqualToOperator"/>
		<testcase classname="AllTests" name="testNotEqualToOperator"/>
		<testcase classname="AllTests" name="testGreaterThanOrEqualOperator"/>
		<testcase classname="AllTests" name="testSmallerThanOrEqualOperator"/>
		<testcase classname="AllTests" name="testSimpleWordPerConstructor"/>
		<testcase classname="AllTests" name="testInvalidWordPerConstructor1"/>
		<testcase classname="AllTests" name="testInvalidWordPerConstructor2"/>
		<testcase classname="AllTests" name="testInvalidWordPerConstructor3"/>
		<testcase classname="AllTests" name="testMultipleWordsConstructor"/>
		<testcase classname="AllTests" name="testEmptyWordConstructor"/>
		<testcase classname="AllTests" name="testDefaultWordConstructor"/>
		<testcase classname="AllTests" name="testSimpleWordPerStream">
			<failure message="..\src\Test.cpp:77 testSimpleWordPerStream: &quot;Zafer&quot; == o.str() expected:	Zafer	but was:		">
testSimpleWordPerStream: &quot;Zafer&quot; == o.str() expected:	Zafer	but was:		
			</failure>
		</testcase>
		<testcase classname="AllTests" name="testInvalidWordPerStream1">
			<failure message="..\src\Test.cpp:85 testInvalidWordPerStream1: &quot;compl&quot; == o.str() expected:	compl	but was:		">
testInvalidWordPerStream1: &quot;compl&quot; == o.str() expected:	compl	but was:		
			</failure>
		</testcase>
